TN:
SF:src/lib/index.ts
FNF:0
FNH:0
LF:0
LH:0
BRF:0
BRH:0
end_of_record
TN:
SF:src/lib/config/branding.ts
FNF:0
FNH:0
DA:9,0
LF:1
LH:0
BRF:0
BRH:0
end_of_record
TN:
SF:src/lib/config/content-ui.ts
FN:187,(anonymous_0)
FN:190,(anonymous_1)
FN:213,mergeSectionUiConfig
FN:226,interpolateTemplate
FN:227,(anonymous_4)
FN:237,resolveTocSelector
FN:238,(anonymous_6)
FN:251,resolveAssistantUrls
FN:291,resolveRepositoryFileUrl
FNF:9
FNH:9
FNDA:32,(anonymous_0)
FNDA:10,(anonymous_1)
FNDA:5,mergeSectionUiConfig
FNDA:5,interpolateTemplate
FNDA:5,(anonymous_4)
FNDA:3,resolveTocSelector
FNDA:3,(anonymous_6)
FNDA:4,resolveAssistantUrls
FNDA:2,resolveRepositoryFileUrl
DA:4,1
DA:105,1
DA:174,1
DA:187,1
DA:188,32
DA:190,1
DA:191,10
DA:192,0
DA:195,10
DA:196,10
DA:197,9
DA:198,8
DA:199,8
DA:200,1
DA:201,1
DA:203,7
DA:204,5
DA:205,5
DA:207,2
DA:210,10
DA:216,5
DA:227,5
DA:238,3
DA:239,3
DA:241,3
DA:255,4
DA:256,2
DA:262,2
DA:265,2
DA:266,2
DA:267,2
DA:273,2
DA:296,2
DA:297,2
DA:298,2
LF:35
LH:34
BRDA:188,0,0,32
BRDA:188,0,1,30
BRDA:188,0,2,30
BRDA:191,1,0,0
BRDA:191,1,1,10
BRDA:191,2,0,10
BRDA:191,2,1,10
BRDA:197,3,0,1
BRDA:197,3,1,8
BRDA:199,4,0,1
BRDA:199,4,1,7
BRDA:199,5,0,8
BRDA:199,5,1,1
BRDA:203,6,0,5
BRDA:203,6,1,2
BRDA:203,7,0,7
BRDA:203,7,1,5
BRDA:214,8,0,5
BRDA:227,9,0,5
BRDA:227,9,1,0
BRDA:237,10,0,3
BRDA:241,11,0,3
BRDA:241,11,1,2
BRDA:255,12,0,2
BRDA:255,12,1,2
BRDA:255,13,0,4
BRDA:255,13,1,3
BRDA:274,14,0,1
BRDA:274,14,1,1
BRDA:277,15,0,2
BRDA:277,15,1,0
BRDA:297,16,0,1
BRDA:297,16,1,1
BRF:33
BRH:30
end_of_record
TN:
SF:src/lib/config/navigation.ts
FNF:0
FNH:0
LF:0
LH:0
BRF:0
BRH:0
end_of_record
TN:
SF:src/lib/config/site.ts
FNF:0
FNH:0
DA:5,0
LF:1
LH:0
BRF:0
BRH:0
end_of_record
TN:
SF:src/lib/utils/cn.ts
FN:4,cn
FNF:1
FNH:1
FNDA:5,cn
DA:5,5
LF:1
LH:1
BRF:0
BRH:0
end_of_record
TN:
SF:src/lib/utils/copy.ts
FN:2,constructor
FN:8,copyToClipboard
FNF:2
FNH:2
FNDA:3,constructor
FNDA:4,copyToClipboard
DA:3,3
DA:4,3
DA:9,4
DA:12,3
DA:13,1
DA:16,2
DA:17,2
DA:19,1
LF:8
LH:8
BRDA:9,0,0,1
BRDA:9,0,1,3
BRDA:12,1,0,1
BRDA:12,1,1,2
BRF:4
BRH:4
end_of_record
TN:
SF:src/lib/utils/highlighter.ts
FN:21,getHighlighter
FNF:1
FNH:1
FNDA:3,getHighlighter
DA:19,1
DA:22,3
DA:41,3
LF:3
LH:3
BRF:0
BRH:0
end_of_record
TN:
SF:src/lib/utils/search.ts
FN:17,(anonymous_0)
FN:27,stripHtmlTags
FN:32,stripBold
FN:37,stripItalic
FN:42,stripLinks
FN:46,stripMdx
FN:68,getSnippet
FN:87,resolveSectionSlugs
FN:106,resolvePathParts
FN:125,resolveUniqueSlug
FN:139,indexFileContent
FN:151,(anonymous_11)
FN:204,parseContentIndex
FN:250,(anonymous_13)
FN:257,scoreItem
FN:290,buildSearchGroups
FN:327,searchContent
FN:337,(anonymous_17)
FN:348,(anonymous_18)
FNF:19
FNH:0
FNDA:0,(anonymous_0)
FNDA:0,stripHtmlTags
FNDA:0,stripBold
FNDA:0,stripItalic
FNDA:0,stripLinks
FNDA:0,stripMdx
FNDA:0,getSnippet
FNDA:0,resolveSectionSlugs
FNDA:0,resolvePathParts
FNDA:0,resolveUniqueSlug
FNDA:0,indexFileContent
FNDA:0,(anonymous_11)
FNDA:0,parseContentIndex
FNDA:0,(anonymous_13)
FNDA:0,scoreItem
FNDA:0,buildSearchGroups
FNDA:0,searchContent
FNDA:0,(anonymous_17)
FNDA:0,(anonymous_18)
DA:17,0
DA:18,0
DA:28,0
DA:33,0
DA:38,0
DA:43,0
DA:47,0
DA:52,0
DA:54,0
DA:58,0
DA:59,0
DA:60,0
DA:62,0
DA:69,0
DA:70,0
DA:71,0
DA:73,0
DA:75,0
DA:76,0
DA:78,0
DA:80,0
DA:81,0
DA:83,0
DA:90,0
DA:92,0
DA:93,0
DA:94,0
DA:96,0
DA:97,0
DA:98,0
DA:102,0
DA:107,0
DA:108,0
DA:110,0
DA:111,0
DA:112,0
DA:114,0
DA:115,0
DA:116,0
DA:117,0
DA:121,0
DA:126,0
DA:128,0
DA:129,0
DA:130,0
DA:131,0
DA:134,0
DA:135,0
DA:145,0
DA:146,0
DA:147,0
DA:148,0
DA:149,0
DA:151,0
DA:152,0
DA:154,0
DA:155,0
DA:156,0
DA:166,0
DA:169,0
DA:171,0
DA:172,0
DA:174,0
DA:175,0
DA:177,0
DA:178,0
DA:179,0
DA:181,0
DA:182,0
DA:183,0
DA:186,0
DA:187,0
DA:189,0
DA:190,0
DA:192,0
DA:194,0
DA:195,0
DA:196,0
DA:201,0
DA:205,0
DA:207,0
DA:213,0
DA:215,0
DA:216,0
DA:217,0
DA:219,0
DA:221,0
DA:226,0
DA:227,0
DA:228,0
DA:230,0
DA:232,0
DA:233,0
DA:235,0
DA:237,0
DA:238,0
DA:241,0
DA:244,0
DA:247,0
DA:249,0
DA:250,0
DA:251,0
DA:252,0
DA:262,0
DA:263,0
DA:264,0
DA:266,0
DA:267,0
DA:268,0
DA:271,0
DA:272,0
DA:275,0
DA:276,0
DA:277,0
DA:280,0
DA:291,0
DA:293,0
DA:294,0
DA:295,0
DA:297,0
DA:298,0
DA:310,0
DA:311,0
DA:313,0
DA:314,0
DA:316,0
DA:319,0
DA:320,0
DA:324,0
DA:331,0
DA:333,0
DA:334,0
DA:336,0
DA:338,0
DA:339,0
DA:343,0
DA:345,0
DA:346,0
DA:348,0
DA:349,0
DA:352,0
LF:141
LH:0
BRDA:68,0,0,0
BRDA:73,1,0,0
BRDA:73,1,1,0
BRDA:80,2,0,0
BRDA:80,2,1,0
BRDA:81,3,0,0
BRDA:81,3,1,0
BRDA:94,4,0,0
BRDA:94,4,1,0
BRDA:97,5,0,0
BRDA:97,5,1,0
BRDA:97,6,0,0
BRDA:97,6,1,0
BRDA:112,7,0,0
BRDA:112,7,1,0
BRDA:114,8,0,0
BRDA:114,8,1,0
BRDA:116,9,0,0
BRDA:116,9,1,0
BRDA:128,10,0,0
BRDA:128,10,1,0
BRDA:152,11,0,0
BRDA:152,11,1,0
BRDA:155,12,0,0
BRDA:155,12,1,0
BRDA:159,13,0,0
BRDA:159,13,1,0
BRDA:174,14,0,0
BRDA:174,14,1,0
BRDA:181,15,0,0
BRDA:181,15,1,0
BRDA:195,16,0,0
BRDA:195,16,1,0
BRDA:195,17,0,0
BRDA:195,17,1,0
BRDA:195,17,2,0
BRDA:217,18,0,0
BRDA:217,18,1,0
BRDA:228,19,0,0
BRDA:228,19,1,0
BRDA:230,20,0,0
BRDA:230,20,1,0
BRDA:232,21,0,0
BRDA:232,21,1,0
BRDA:232,21,2,0
BRDA:232,21,3,0
BRDA:233,22,0,0
BRDA:233,22,1,0
BRDA:237,23,0,0
BRDA:237,23,1,0
BRDA:251,24,0,0
BRDA:251,24,1,0
BRDA:266,25,0,0
BRDA:266,25,1,0
BRDA:266,26,0,0
BRDA:266,26,1,0
BRDA:267,27,0,0
BRDA:267,27,1,0
BRDA:271,28,0,0
BRDA:271,28,1,0
BRDA:271,29,0,0
BRDA:271,29,1,0
BRDA:275,30,0,0
BRDA:275,30,1,0
BRDA:275,31,0,0
BRDA:275,31,1,0
BRDA:276,32,0,0
BRDA:276,32,1,0
BRDA:295,33,0,0
BRDA:295,33,1,0
BRDA:297,34,0,0
BRDA:297,34,1,0
BRDA:300,35,0,0
BRDA:300,35,1,0
BRDA:311,36,0,0
BRDA:311,36,1,0
BRDA:313,37,0,0
BRDA:313,37,1,0
BRDA:319,38,0,0
BRDA:319,38,1,0
BRDA:329,39,0,0
BRDA:331,40,0,0
BRDA:331,40,1,0
BRDA:339,41,0,0
BRDA:339,41,1,0
BRF:85
BRH:0
end_of_record
TN:
SF:src/lib/utils/use-portal.ts
FN:9,portal
FN:12,update
FN:34,destroy
FNF:3
FNH:3
FNDA:6,portal
FNDA:9,update
FNDA:1,destroy
DA:13,9
DA:14,3
DA:15,3
DA:16,1
DA:17,1
DA:19,3
DA:21,1
DA:22,1
DA:24,6
DA:25,5
DA:27,1
DA:31,8
DA:35,1
DA:38,6
DA:40,6
LF:15
LH:15
BRDA:9,0,0,6
BRDA:13,1,0,3
BRDA:13,1,1,6
BRDA:15,2,0,1
BRDA:15,2,1,2
BRDA:19,3,0,1
BRDA:19,3,1,2
BRDA:24,4,0,5
BRDA:24,4,1,1
BRF:9
BRH:9
end_of_record
